[1/28/2021, 5:51:48 AM] [32mINFO[39m	: [36m--------------------------------------------------[39m
[1/28/2021, 5:51:48 AM] [31mERROR[39m	: [36mParallel execution requires defining a whitelist (SCANNING.WHITELIST)[39m
[1/28/2021, 6:04:27 AM] [32mINFO[39m	: [36m--------------------------------------------------[39m
[1/28/2021, 6:04:27 AM] [31mERROR[39m	: [36mParallel execution requires defining a whitelist (SCANNING.WHITELIST)[39m
[1/28/2021, 6:07:42 AM] [32mINFO[39m	: [36m--------------------------------------------------[39m
[1/28/2021, 6:07:42 AM] [31mERROR[39m	: [36mParallel execution requires defining a whitelist (SCANNING.WHITELIST)[39m
[1/28/2021, 6:08:53 AM] [32mINFO[39m	: [36m--------------------------------------------------[39m
[1/28/2021, 6:08:53 AM] [31mERROR[39m	: [36mParallel execution requires defining a whitelist (SCANNING.WHITELIST)[39m
[1/28/2021, 6:11:34 AM] [32mINFO[39m	: [36m--------------------------------------------------[39m
[1/28/2021, 6:11:34 AM] [31mERROR[39m	: [36mParallel execution requires defining a whitelist (SCANNING.WHITELIST)[39m
[1/28/2021, 6:14:28 AM] [32mINFO[39m	: [36m--------------------------------------------------[39m
[1/28/2021, 6:15:38 AM] [32mINFO[39m	: [36m--------------------------------------------------[39m
[1/28/2021, 6:15:38 AM] [31mERROR[39m	: [36mParallel execution requires defining a whitelist (SCANNING.WHITELIST)[39m
[1/28/2021, 6:15:50 AM] [32mINFO[39m	: [36m--------------------------------------------------[39m
[1/28/2021, 6:15:50 AM] [31mERROR[39m	: [36mParallel execution requires defining a whitelist (SCANNING.WHITELIST)[39m
[1/28/2021, 6:18:48 AM] [32mINFO[39m	: [36m--------------------------------------------------[39m
[1/28/2021, 6:18:48 AM] [31mERROR[39m	: [36mParallel execution requires defining a whitelist (SCANNING.WHITELIST)[39m
[1/28/2021, 6:19:14 AM] [32mINFO[39m	: [36m--------------------------------------------------[39m
[1/28/2021, 6:20:21 AM] [32mINFO[39m	: [36mInitialized[39m
[1/28/2021, 6:26:31 AM] [32mINFO[39m	: [36mAttempting to execute BTC-FET-BNB with an age of -6005 ms and expected profit of 0.0584%[39m
[1/28/2021, 6:26:31 AM] [32mINFO[39m	: [36mTest: Buying 4838 FETBTC @ market price[39m
[1/28/2021, 6:26:31 AM] [31mERROR[39m	: [36mTimestamp for this request is outside of the recvWindow.[39m
[1/28/2021, 6:26:31 AM] [32mINFO[39m	: [36mCannot exceed user defined execution cap of 1 executions[39m
[1/28/2021, 6:27:52 AM] [32mINFO[39m	: [36m--------------------------------------------------[39m
[1/28/2021, 6:29:01 AM] [32mINFO[39m	: [36mInitialized[39m
[1/28/2021, 6:49:34 AM] [32mINFO[39m	: [36m--------------------------------------------------[39m
[1/28/2021, 6:50:41 AM] [32mINFO[39m	: [36mInitialized[39m
[1/28/2021, 7:11:45 AM] [32mINFO[39m	: [36m--------------------------------------------------[39m
[1/28/2021, 7:12:52 AM] [32mINFO[39m	: [36mInitialized[39m
[1/28/2021, 9:38:14 AM] [32mINFO[39m	: [36m--------------------------------------------------[39m
[1/28/2021, 9:39:24 AM] [32mINFO[39m	: [36mInitialized[39m
[1/28/2021, 9:42:40 AM] [32mINFO[39m	: [36mAttempting to execute BTC-AXS-BNB with an age of -6320 ms and expected profit of 1.1555%[39m
[1/28/2021, 9:42:40 AM] [32mINFO[39m	: [36mTest: Buying 355 AXSBTC @ market price[39m
[1/28/2021, 9:42:40 AM] [31mERROR[39m	: [36mTimestamp for this request is outside of the recvWindow.[39m
[1/28/2021, 9:42:40 AM] [32mINFO[39m	: [36mCannot exceed user defined execution cap of 1 executions[39m
[1/1/1970, 10:12:33 AM] [32mINFO[39m	: [36m--------------------------------------------------[39m
[1/28/2021, 9:58:55 AM] [32mINFO[39m	: [36m--------------------------------------------------[39m
[1/28/2021, 10:00:32 AM] [32mINFO[39m	: [36mInitialized[39m
[1/28/2021, 8:58:47 PM] [32mINFO[39m	: [36m--------------------------------------------------[39m
[1/28/2021, 8:59:55 PM] [32mINFO[39m	: [36mInitialized[39m
[1/29/2021, 2:29:31 AM] [32mINFO[39m	: [36m--------------------------------------------------[39m
[1/29/2021, 2:30:39 AM] [32mINFO[39m	: [36mInitialized[39m
[1/29/2021, 3:33:01 AM] [32mINFO[39m	: [36m--------------------------------------------------[39m
[1/29/2021, 3:34:08 AM] [32mINFO[39m	: [36mInitialized[39m
[1/29/2021, 4:20:45 AM] [32mINFO[39m	: [36m--------------------------------------------------[39m
[1/29/2021, 4:21:52 AM] [32mINFO[39m	: [36mInitialized[39m
[1/29/2021, 4:43:48 AM] [32mINFO[39m	: [36m--------------------------------------------------[39m
[1/29/2021, 4:44:29 AM] [32mINFO[39m	: [36m--------------------------------------------------[39m
[1/29/2021, 4:44:55 AM] [32mINFO[39m	: [36mInitialized[39m
[1/29/2021, 4:45:37 AM] [32mINFO[39m	: [36mInitialized[39m
[1/29/2021, 4:46:42 AM] [32mINFO[39m	: [36m--------------------------------------------------[39m
[1/29/2021, 4:47:50 AM] [32mINFO[39m	: [36mInitialized[39m
[1/29/2021, 4:48:13 AM] [32mINFO[39m	: [36m--------------------------------------------------[39m
[1/29/2021, 4:49:21 AM] [32mINFO[39m	: [36mInitialized[39m
[1/29/2021, 4:50:52 AM] [32mINFO[39m	: [36m--------------------------------------------------[39m
[1/29/2021, 4:52:00 AM] [32mINFO[39m	: [36mInitialized[39m
[1/29/2021, 8:50:07 AM] [32mINFO[39m	: [36mAttempting to execute BTC-DIA-BNB with an age of 5 ms and expected profit of 0.1868%[39m
[1/29/2021, 8:50:07 AM] [32mINFO[39m	: [36mTest: Buying 177.3 DIABTC @ market price[39m
[1/29/2021, 8:50:07 AM] [32mINFO[39m	: [36mTest: Successfully bought DIABTC @ market price[39m
[1/29/2021, 8:50:07 AM] [32mINFO[39m	: [36mTest: Selling 177.3 DIABNB @ market price[39m
[1/29/2021, 8:50:07 AM] [32mINFO[39m	: [36mTest: Successfully sold DIABNB @ market price[39m
[1/29/2021, 8:50:07 AM] [32mINFO[39m	: [36mTest: Selling 7.75 BNBBTC @ market price[39m
[1/29/2021, 8:50:08 AM] [32mINFO[39m	: [36mTest: Successfully sold BNBBTC @ market price[39m
[1/29/2021, 8:50:08 AM] [32mINFO[39m	: [36mTest: Executed BTC-DIA-BNB position in 559 ms[39m
[1/29/2021, 8:50:08 AM] [32mINFO[39m	: [36mCannot exceed user defined execution cap of 1 executions[39m
[1/29/2021, 9:22:26 AM] [32mINFO[39m	: [36m--------------------------------------------------[39m
[1/29/2021, 9:23:33 AM] [32mINFO[39m	: [36mInitialized[39m
[1/29/2021, 2:16:54 PM] [32mINFO[39m	: [36m--------------------------------------------------[39m
[1/29/2021, 2:18:01 PM] [32mINFO[39m	: [36mInitialized[39m
[1/29/2021, 7:05:26 PM] [32mINFO[39m	: [36m--------------------------------------------------[39m
[1/29/2021, 7:09:03 PM] [32mINFO[39m	: [36m--------------------------------------------------[39m
[1/29/2021, 7:10:11 PM] [32mINFO[39m	: [36mInitialized[39m
[1/29/2021, 7:12:14 PM] [32mINFO[39m	: [36m--------------------------------------------------[39m
[1/29/2021, 7:13:24 PM] [32mINFO[39m	: [36mInitialized[39m
[1/29/2021, 7:15:19 PM] [32mINFO[39m	: [36m--------------------------------------------------[39m
[1/29/2021, 7:16:27 PM] [32mINFO[39m	: [36mInitialized[39m
[1/29/2021, 7:18:02 PM] [32mINFO[39m	: [36m--------------------------------------------------[39m
[1/29/2021, 7:19:09 PM] [32mINFO[39m	: [36mInitialized[39m
[1/29/2021, 8:34:08 PM] [32mINFO[39m	: [36m--------------------------------------------------[39m
[1/29/2021, 8:35:16 PM] [32mINFO[39m	: [36mInitialized[39m
[1/29/2021, 8:35:24 PM] [32mINFO[39m	: [36m--------------------------------------------------[39m
[1/29/2021, 8:36:32 PM] [32mINFO[39m	: [36mInitialized[39m
[1/29/2021, 8:39:29 PM] [32mINFO[39m	: [36m--------------------------------------------------[39m
[1/29/2021, 8:40:38 PM] [32mINFO[39m	: [36mInitialized[39m
[1/29/2021, 8:52:44 PM] [32mINFO[39m	: [36m--------------------------------------------------[39m
[1/29/2021, 8:55:36 PM] [32mINFO[39m	: [36m--------------------------------------------------[39m
[1/29/2021, 8:56:43 PM] [32mINFO[39m	: [36mInitialized[39m
[1/30/2021, 12:36:03 AM] [32mINFO[39m	: [36m--------------------------------------------------[39m
[1/30/2021, 12:37:10 AM] [32mINFO[39m	: [36mInitialized[39m
[1/30/2021, 6:31:17 PM] [32mINFO[39m	: [36m--------------------------------------------------[39m
[1/30/2021, 6:32:24 PM] [32mINFO[39m	: [36mInitialized[39m
[1/30/2021, 11:29:55 PM] [32mINFO[39m	: [36m--------------------------------------------------[39m
[1/30/2021, 11:31:02 PM] [32mINFO[39m	: [36mInitialized[39m
[1/31/2021, 6:11:24 PM] [32mINFO[39m	: [36m--------------------------------------------------[39m
[1/31/2021, 6:12:31 PM] [32mINFO[39m	: [36mInitialized[39m
[1/31/2021, 6:51:14 PM] [32mINFO[39m	: [36m--------------------------------------------------[39m
[1/31/2021, 6:52:21 PM] [32mINFO[39m	: [36mInitialized[39m
